<?xml version="1.0" encoding="UTF-8"?>
<!-- Generated by org.testng.reporters.JUnitReportReporter -->
<testsuite hostname="DESKTOP-2G9V72L" failures="0" tests="1" name="adactinghotel_app.Hotel_launch_application" time="16.424" errors="0" timestamp="2022-02-22T11:12:47 IST" skipped="0">
  <testcase classname="adactinghotel_app.Hotel_launch_application" name="Tc_12" time="16.424"/>
  <system-out/>
</testsuite> <!-- adactinghotel_app.Hotel_launch_application -->
