<?xml version="1.0" encoding="UTF-8"?>
<!-- Generated by org.testng.reporters.JUnitReportReporter -->
<testsuite hostname="DESKTOP-2G9V72L" failures="0" tests="4" name="testcases.ValidateLogin" time="24.745" errors="0" timestamp="2022-02-10T11:07:12 IST" skipped="0">
  <testcase classname="testcases.ValidateLogin" name="validateLoginTest" time="7.112"/>
  <system-out/>
  <testcase classname="testcases.ValidateLogin" name="validateLoginTest" time="5.095"/>
  <system-out/>
  <testcase classname="testcases.ValidateLogin" name="validateLoginTest" time="5.586"/>
  <system-out/>
  <testcase classname="testcases.ValidateLogin" name="validateLoginTest" time="6.952"/>
  <system-out/>
</testsuite> <!-- testcases.ValidateLogin -->
